<?xml version="1.0" encoding="UTF-8"?>
<!-- Generated by org.testng.reporters.JUnitXMLReporter -->
<testsuite ignored="0" hostname="DESKTOP-DCFT7UU" failures="0" tests="4" name="Command line test" time="0.267" errors="0" timestamp="2022-06-22T00:21:10 EDT">
  <testcase classname="pageTestPackage.HomePageTest" name="@BeforeMethod Setup" time="0.238">
    <failure type="java.lang.NullPointerException" message="Cannot invoke &amp;quot;org.openqa.selenium.WebDriver.manage()&amp;quot; because &amp;quot;basePackage.BaseClass.driver&amp;quot; is null">
      <![CDATA[java.lang.NullPointerException: Cannot invoke "org.openqa.selenium.WebDriver.manage()" because "basePackage.BaseClass.driver" is null
at basePackage.BaseClass.initialization(BaseClass.java:44)
at pageTestPackage.HomePageTest.Setup(HomePageTest.java:24)
at java.base/java.util.ArrayList.forEach(ArrayList.java:1511)
... Removed 40 stack frames]]>
    </failure>
  </testcase> <!-- @BeforeMethod Setup -->
  <testcase classname="pageTestPackage.HomePageTest" name="@AfterMethod teardown" time="0.0">
    <skipped/>
  </testcase> <!-- @AfterMethod teardown -->
  <testcase classname="pageTestPackage.HomePageTest" name="@BeforeMethod Setup" time="0.0">
    <skipped/>
  </testcase> <!-- @BeforeMethod Setup -->
  <testcase classname="pageTestPackage.HomePageTest" name="@AfterMethod teardown" time="0.0">
    <skipped/>
  </testcase> <!-- @AfterMethod teardown -->
  <testcase classname="pageTestPackage.HomePageTest" name="@BeforeMethod Setup" time="0.0">
    <skipped/>
  </testcase> <!-- @BeforeMethod Setup -->
  <testcase classname="pageTestPackage.HomePageTest" name="@AfterMethod teardown" time="0.0">
    <skipped/>
  </testcase> <!-- @AfterMethod teardown -->
  <testcase classname="pageTestPackage.HomePageTest" name="@BeforeMethod Setup" time="0.0">
    <skipped/>
  </testcase> <!-- @BeforeMethod Setup -->
  <testcase classname="pageTestPackage.HomePageTest" name="@AfterMethod teardown" time="0.0">
    <skipped/>
  </testcase> <!-- @AfterMethod teardown -->
  <testcase classname="pageTestPackage.HomePageTest" name="TestTitle" time="0.001">
    <skipped/>
  </testcase> <!-- TestTitle -->
  <testcase classname="pageTestPackage.HomePageTest" name="verifyfreestudentTest" time="0.0">
    <skipped/>
  </testcase> <!-- verifyfreestudentTest -->
  <testcase classname="pageTestPackage.HomePageTest" name="verifyloginTest" time="0.0">
    <skipped/>
  </testcase> <!-- verifyloginTest -->
  <testcase classname="pageTestPackage.HomePageTest" name="verifywbllogoTest" time="0.0">
    <skipped/>
  </testcase> <!-- verifywbllogoTest -->
</testsuite> <!-- Command line test -->
